<?xml version="1.0" encoding="UTF-8"?>
<!-- Generated by org.testng.reporters.JUnitXMLReporter -->
<testsuite ignored="0" hostname="Etienne" failures="0" tests="4" name="PetStoreTests" time="5.127" errors="0" timestamp="2024-12-12T17:32:03 CET">
  <testcase classname="api.test.UserTests2" name="testPostUser" time="1.897"/>
  <testcase classname="api.test.UserTests2" name="testGetUserByUsername" time="0.555"/>
  <testcase classname="api.test.UserTests2" name="testUpdateUserByUsername" time="1.171"/>
  <testcase classname="api.test.UserTests2" name="testDeleteUserByUsername" time="0.735"/>
</testsuite> <!-- PetStoreTests -->
