<?xml version="1.0" encoding="UTF-8"?>
<!-- Generated by org.testng.reporters.JUnitXMLReporter -->
<testsuite ignored="0" hostname="Etienne" failures="0" tests="6" name="Default test" time="7.716" errors="0" timestamp="2024-12-12T12:29:27 CET">
  <testcase classname="api.test.DataDrivenTests" name="testPostUser" time="2.456"/>
  <testcase classname="api.test.DataDrivenTests" name="testPostUser" time="0.653"/>
  <testcase classname="api.test.DataDrivenTests" name="testPostUser" time="0.728"/>
  <testcase classname="api.test.DataDrivenTests" name="deleteUserByUsername" time="0.604"/>
  <testcase classname="api.test.DataDrivenTests" name="deleteUserByUsername" time="0.533"/>
  <testcase classname="api.test.DataDrivenTests" name="deleteUserByUsername" time="0.551"/>
</testsuite> <!-- Default test -->
