<?xml version="1.0" encoding="UTF-8"?>
<testng-results ignored="0" total="4" passed="4" failed="0" skipped="0">
  <reporter-output>
  </reporter-output>
  <suite started-at="2024-12-12T17:31:58 CET" name="PetStoreSuite" finished-at="2024-12-12T17:32:03 CET" duration-ms="5127">
    <groups>
    </groups>
    <test started-at="2024-12-12T17:31:58 CET" name="PetStoreTests" finished-at="2024-12-12T17:32:03 CET" duration-ms="5127">
      <class name="api.test.UserTests2">
        <test-method is-config="true" signature="setup()[pri:0, instance:api.test.UserTests2@131774fe]" started-at="2024-12-12T17:31:58 CET" name="setup" finished-at="2024-12-12T17:31:58 CET" duration-ms="610" status="PASS">
          <reporter-output>
          </reporter-output>
        </test-method> <!-- setup -->
        <test-method signature="testPostUser()[pri:1, instance:api.test.UserTests2@131774fe]" started-at="2024-12-12T17:31:58 CET" name="testPostUser" finished-at="2024-12-12T17:32:00 CET" duration-ms="1897" status="PASS">
          <reporter-output>
          </reporter-output>
        </test-method> <!-- testPostUser -->
        <test-method signature="testGetUserByUsername()[pri:2, instance:api.test.UserTests2@131774fe]" started-at="2024-12-12T17:32:00 CET" name="testGetUserByUsername" finished-at="2024-12-12T17:32:01 CET" duration-ms="555" status="PASS">
          <reporter-output>
          </reporter-output>
        </test-method> <!-- testGetUserByUsername -->
        <test-method signature="testUpdateUserByUsername()[pri:3, instance:api.test.UserTests2@131774fe]" started-at="2024-12-12T17:32:01 CET" name="testUpdateUserByUsername" finished-at="2024-12-12T17:32:02 CET" duration-ms="1171" status="PASS">
          <reporter-output>
          </reporter-output>
        </test-method> <!-- testUpdateUserByUsername -->
        <test-method signature="testDeleteUserByUsername()[pri:4, instance:api.test.UserTests2@131774fe]" started-at="2024-12-12T17:32:02 CET" name="testDeleteUserByUsername" finished-at="2024-12-12T17:32:03 CET" duration-ms="735" status="PASS">
          <reporter-output>
          </reporter-output>
        </test-method> <!-- testDeleteUserByUsername -->
      </class> <!-- api.test.UserTests2 -->
    </test> <!-- PetStoreTests -->
  </suite> <!-- PetStoreSuite -->
</testng-results>
