<?xml version="1.0" encoding="UTF-8"?>
<testng-results ignored="0" total="4" passed="4" failed="0" skipped="0">
  <reporter-output>
  </reporter-output>
  <suite started-at="2024-12-12T16:37:32 CET" name="PetStoreSuite" finished-at="2024-12-12T16:37:40 CET" duration-ms="8122">
    <groups>
    </groups>
    <test started-at="2024-12-12T16:37:32 CET" name="PetStoreTests" finished-at="2024-12-12T16:37:40 CET" duration-ms="8122">
      <class name="api.test.UserTests2">
        <test-method is-config="true" signature="setup()[pri:0, instance:api.test.UserTests2@9d5509a]" started-at="2024-12-12T16:37:32 CET" name="setup" finished-at="2024-12-12T16:37:33 CET" duration-ms="1030" status="PASS">
          <reporter-output>
          </reporter-output>
        </test-method> <!-- setup -->
        <test-method signature="testPostUser()[pri:1, instance:api.test.UserTests2@9d5509a]" started-at="2024-12-12T16:37:33 CET" name="testPostUser" finished-at="2024-12-12T16:37:36 CET" duration-ms="2854" status="PASS">
          <reporter-output>
          </reporter-output>
        </test-method> <!-- testPostUser -->
        <test-method signature="testGetUserByUsername()[pri:2, instance:api.test.UserTests2@9d5509a]" started-at="2024-12-12T16:37:36 CET" name="testGetUserByUsername" finished-at="2024-12-12T16:37:37 CET" duration-ms="808" status="PASS">
          <reporter-output>
          </reporter-output>
        </test-method> <!-- testGetUserByUsername -->
        <test-method signature="testUpdateUserByUsername()[pri:3, instance:api.test.UserTests2@9d5509a]" started-at="2024-12-12T16:37:37 CET" name="testUpdateUserByUsername" finished-at="2024-12-12T16:37:39 CET" duration-ms="1857" status="PASS">
          <reporter-output>
          </reporter-output>
        </test-method> <!-- testUpdateUserByUsername -->
        <test-method signature="testDeleteUserByUsername()[pri:4, instance:api.test.UserTests2@9d5509a]" started-at="2024-12-12T16:37:39 CET" name="testDeleteUserByUsername" finished-at="2024-12-12T16:37:40 CET" duration-ms="1197" status="PASS">
          <reporter-output>
          </reporter-output>
        </test-method> <!-- testDeleteUserByUsername -->
      </class> <!-- api.test.UserTests2 -->
    </test> <!-- PetStoreTests -->
  </suite> <!-- PetStoreSuite -->
</testng-results>
