<?xml version="1.0" encoding="UTF-8"?>
<!-- Generated by org.testng.reporters.JUnitXMLReporter -->
<testsuite ignored="0" hostname="Etienne" failures="0" tests="4" name="PetStoreTests" time="8.122" errors="0" timestamp="2024-12-12T16:37:40 CET">
  <testcase classname="api.test.UserTests2" name="testPostUser" time="2.854"/>
  <testcase classname="api.test.UserTests2" name="testGetUserByUsername" time="0.808"/>
  <testcase classname="api.test.UserTests2" name="testUpdateUserByUsername" time="1.857"/>
  <testcase classname="api.test.UserTests2" name="testDeleteUserByUsername" time="1.197"/>
</testsuite> <!-- PetStoreTests -->
